Hosting environment: Production
Content root path: C:\home\site\wwwroot
Now listening on: http://127.0.0.1:9890
Application started. Press Ctrl+C to shut down.
fail: Microsoft.AspNetCore.Server.Kestrel[13]
      Connection id "0HM5M6G8J1QO3", Request id "0HM5M6G8J1QO3:00000001": An unhandled exception was thrown by the application.
System.ArgumentNullException: Value cannot be null.
Parameter name: connectionString
   at Microsoft.EntityFrameworkCore.Utilities.Check.NotEmpty(String value, String parameterName)
   at Microsoft.EntityFrameworkCore.SqlServerDbContextOptionsExtensions.UseSqlServer(DbContextOptionsBuilder optionsBuilder, String connectionString, Action`1 sqlServerOptionsAction)
   at BlueYonder.Flights.Service.Database.FlightContext.OnConfiguring(DbContextOptionsBuilder optionsBuilder) in D:\20487D\AllFiles\Mod05\Labfiles\Exercise2\Host In Azure\BlueYonder.Flights.Service\Database\FlightContext.cs:line 22
   at Microsoft.EntityFrameworkCore.DbContext.get_InternalServiceProvider()
   at Microsoft.EntityFrameworkCore.DbContext.get_DbContextDependencies()
   at Microsoft.EntityFrameworkCore.DbContext.get_Model()
   at Microsoft.EntityFrameworkCore.Internal.InternalDbSet`1.get_EntityType()
   at Microsoft.EntityFrameworkCore.Internal.InternalDbSet`1.get_EntityQueryable()
   at Microsoft.EntityFrameworkCore.Internal.InternalDbSet`1.System.Linq.IQueryable.get_Provider()
   at Microsoft.EntityFrameworkCore.EntityFrameworkQueryableExtensions.Include[TEntity,TProperty](IQueryable`1 source, Expression`1 navigationPropertyPath)
   at BlueYonder.Flights.Service.Controllers.FlightsController.GetAllFlights() in D:\20487D\AllFiles\Mod05\Labfiles\Exercise2\Host In Azure\BlueYonder.Flights.Service\Controllers\FlightsController.cs:line 18
   at lambda_method(Closure , Object , Object[] )
   at Microsoft.Extensions.Internal.ObjectMethodExecutor.Execute(Object target, Object[] parameters)
   at Microsoft.AspNetCore.Mvc.Internal.ActionMethodExecutor.SyncObjectResultExecutor.Execute(IActionResultTypeMapper mapper, ObjectMethodExecutor executor, Object controller, Object[] arguments)
   at Microsoft.AspNetCore.Mvc.Internal.ControllerActionInvoker.InvokeActionMethodAsync()
   at Microsoft.AspNetCore.Mvc.Internal.ControllerActionInvoker.InvokeNextActionFilterAsync()
   at Microsoft.AspNetCore.Mvc.Internal.ControllerActionInvoker.Rethrow(ActionExecutedContext context)
   at Microsoft.AspNetCore.Mvc.Internal.ControllerActionInvoker.Next(State& next, Scope& scope, Object& state, Boolean& isCompleted)
   at Microsoft.AspNetCore.Mvc.Internal.ControllerActionInvoker.InvokeInnerFilterAsync()
   at Microsoft.AspNetCore.Mvc.Internal.ResourceInvoker.InvokeNextResourceFilter()
   at Microsoft.AspNetCore.Mvc.Internal.ResourceInvoker.Rethrow(ResourceExecutedContext context)
   at Microsoft.AspNetCore.Mvc.Internal.ResourceInvoker.Next(State& next, Scope& scope, Object& state, Boolean& isCompleted)
   at Microsoft.AspNetCore.Mvc.Internal.ResourceInvoker.InvokeFilterPipelineAsync()
   at Microsoft.AspNetCore.Mvc.Internal.ResourceInvoker.InvokeAsync()
   at Microsoft.AspNetCore.Builder.RouterMiddleware.Invoke(HttpContext httpContext)
   at BlueYonder.Flights.Service.Startup.<>c__DisplayClass5_0.<<Configure>b__0>d.MoveNext() in D:\20487D\AllFiles\Mod05\Labfiles\Exercise2\Host In Azure\BlueYonder.Flights.Service\Startup.cs:line 48
--- End of stack trace from previous location where exception was thrown ---
   at Microsoft.AspNetCore.Server.IISIntegration.IISMiddleware.Invoke(HttpContext httpContext)
   at Microsoft.AspNetCore.Server.Kestrel.Core.Internal.Http.HttpProtocol.ProcessRequests[TContext](IHttpApplication`1 application)
Application is shutting down...
